<?xml version="1.0" encoding="UTF-8"?>
<!-- Generated by org.testng.reporters.JUnitReportReporter -->
<testsuite hostname="DESKTOP-SB4O2S8" name="com.qa.test.GetApiTest" tests="1" failures="0" timestamp="22 May 2018 19:24:47 GMT" time="43.088" errors="0">
  <testcase name="getAPITest" time="43.088" classname="com.qa.test.GetApiTest"/>
</testsuite> <!-- com.qa.test.GetApiTest -->
